[1.216s] Invoking command in '/home/benjyl/irobot_ws/src/py_pubsub': PYTHONPATH=/home/benjyl/irobot_ws/build/py_pubsub/prefix_override:/home/benjyl/irobot_ws/install/py_pubsub/lib/python3.10/site-packages:${PYTHONPATH} /usr/bin/python3 setup.py egg_info --egg-base ../../build/py_pubsub build --build-base /home/benjyl/irobot_ws/build/py_pubsub/build install --record /home/benjyl/irobot_ws/build/py_pubsub/install.log --single-version-externally-managed
[1.556s] running egg_info
[1.558s] writing ../../build/py_pubsub/py_pubsub.egg-info/PKG-INFO
[1.559s] writing dependency_links to ../../build/py_pubsub/py_pubsub.egg-info/dependency_links.txt
[1.559s] writing entry points to ../../build/py_pubsub/py_pubsub.egg-info/entry_points.txt
[1.559s] writing requirements to ../../build/py_pubsub/py_pubsub.egg-info/requires.txt
[1.559s] writing top-level names to ../../build/py_pubsub/py_pubsub.egg-info/top_level.txt
[1.563s] reading manifest file '../../build/py_pubsub/py_pubsub.egg-info/SOURCES.txt'
[1.563s] adding license file 'LICENSE'
[1.564s] writing manifest file '../../build/py_pubsub/py_pubsub.egg-info/SOURCES.txt'
[1.565s] running build
[1.565s] running build_py
[1.566s] copying py_pubsub/sub_ir.py -> /home/benjyl/irobot_ws/build/py_pubsub/build/lib/py_pubsub
[1.567s] copying py_pubsub/sub_ir_2.py -> /home/benjyl/irobot_ws/build/py_pubsub/build/lib/py_pubsub
[1.567s] running install
[1.568s] /usr/lib/python3/dist-packages/setuptools/command/install.py:34: SetuptoolsDeprecationWarning: setup.py install is deprecated. Use build and pip and other standards-based tools.
[1.568s]   warnings.warn(
[1.568s] running install_lib
[1.570s] copying /home/benjyl/irobot_ws/build/py_pubsub/build/lib/py_pubsub/sub_ir.py -> /home/benjyl/irobot_ws/install/py_pubsub/lib/python3.10/site-packages/py_pubsub
[1.572s] copying /home/benjyl/irobot_ws/build/py_pubsub/build/lib/py_pubsub/sub_ir_2.py -> /home/benjyl/irobot_ws/install/py_pubsub/lib/python3.10/site-packages/py_pubsub
[1.572s] byte-compiling /home/benjyl/irobot_ws/install/py_pubsub/lib/python3.10/site-packages/py_pubsub/sub_ir.py to sub_ir.cpython-310.pyc
[1.573s] byte-compiling /home/benjyl/irobot_ws/install/py_pubsub/lib/python3.10/site-packages/py_pubsub/sub_ir_2.py to sub_ir_2.cpython-310.pyc
[1.574s] Sorry: TabError: inconsistent use of tabs and spaces in indentation (sub_ir_2.py, line 94)
[1.574s] running install_data
[1.575s] running install_egg_info
[1.578s] removing '/home/benjyl/irobot_ws/install/py_pubsub/lib/python3.10/site-packages/py_pubsub-0.0.0-py3.10.egg-info' (and everything under it)
[1.578s] Copying ../../build/py_pubsub/py_pubsub.egg-info to /home/benjyl/irobot_ws/install/py_pubsub/lib/python3.10/site-packages/py_pubsub-0.0.0-py3.10.egg-info
[1.580s] running install_scripts
[1.617s] writing list of installed files to '/home/benjyl/irobot_ws/build/py_pubsub/install.log'
[1.670s] Invoked command in '/home/benjyl/irobot_ws/src/py_pubsub' returned '0': PYTHONPATH=/home/benjyl/irobot_ws/build/py_pubsub/prefix_override:/home/benjyl/irobot_ws/install/py_pubsub/lib/python3.10/site-packages:${PYTHONPATH} /usr/bin/python3 setup.py egg_info --egg-base ../../build/py_pubsub build --build-base /home/benjyl/irobot_ws/build/py_pubsub/build install --record /home/benjyl/irobot_ws/build/py_pubsub/install.log --single-version-externally-managed
