[1.151s] Invoking command in '/home/benjyl/irobot_ws/src/py_pubsub': PYTHONPATH=/home/benjyl/irobot_ws/build/py_pubsub/prefix_override:/home/benjyl/irobot_ws/install/py_pubsub/lib/python3.10/site-packages:${PYTHONPATH} /usr/bin/python3 setup.py egg_info --egg-base ../../build/py_pubsub build --build-base /home/benjyl/irobot_ws/build/py_pubsub/build install --record /home/benjyl/irobot_ws/build/py_pubsub/install.log --single-version-externally-managed
[1.494s] running egg_info
[1.494s] creating ../../build/py_pubsub/py_pubsub.egg-info
[1.495s] writing ../../build/py_pubsub/py_pubsub.egg-info/PKG-INFO
[1.495s] writing dependency_links to ../../build/py_pubsub/py_pubsub.egg-info/dependency_links.txt
[1.495s] writing entry points to ../../build/py_pubsub/py_pubsub.egg-info/entry_points.txt
[1.495s] writing requirements to ../../build/py_pubsub/py_pubsub.egg-info/requires.txt
[1.495s] writing top-level names to ../../build/py_pubsub/py_pubsub.egg-info/top_level.txt
[1.496s] writing manifest file '../../build/py_pubsub/py_pubsub.egg-info/SOURCES.txt'
[1.500s] reading manifest file '../../build/py_pubsub/py_pubsub.egg-info/SOURCES.txt'
[1.500s] adding license file 'LICENSE'
[1.502s] writing manifest file '../../build/py_pubsub/py_pubsub.egg-info/SOURCES.txt'
[1.502s] running build
[1.502s] running build_py
[1.503s] creating /home/benjyl/irobot_ws/build/py_pubsub/build
[1.503s] creating /home/benjyl/irobot_ws/build/py_pubsub/build/lib
[1.503s] creating /home/benjyl/irobot_ws/build/py_pubsub/build/lib/py_pubsub
[1.503s] copying py_pubsub/sub_ir.py -> /home/benjyl/irobot_ws/build/py_pubsub/build/lib/py_pubsub
[1.503s] copying py_pubsub/sub_ir_2.py -> /home/benjyl/irobot_ws/build/py_pubsub/build/lib/py_pubsub
[1.503s] copying py_pubsub/__init__.py -> /home/benjyl/irobot_ws/build/py_pubsub/build/lib/py_pubsub
[1.504s] running install
[1.504s] /usr/lib/python3/dist-packages/setuptools/command/install.py:34: SetuptoolsDeprecationWarning: setup.py install is deprecated. Use build and pip and other standards-based tools.
[1.504s]   warnings.warn(
[1.504s] running install_lib
[1.506s] creating /home/benjyl/irobot_ws/install/py_pubsub/lib/python3.10/site-packages/py_pubsub
[1.506s] copying /home/benjyl/irobot_ws/build/py_pubsub/build/lib/py_pubsub/sub_ir.py -> /home/benjyl/irobot_ws/install/py_pubsub/lib/python3.10/site-packages/py_pubsub
[1.506s] copying /home/benjyl/irobot_ws/build/py_pubsub/build/lib/py_pubsub/sub_ir_2.py -> /home/benjyl/irobot_ws/install/py_pubsub/lib/python3.10/site-packages/py_pubsub
[1.506s] copying /home/benjyl/irobot_ws/build/py_pubsub/build/lib/py_pubsub/__init__.py -> /home/benjyl/irobot_ws/install/py_pubsub/lib/python3.10/site-packages/py_pubsub
[1.507s] byte-compiling /home/benjyl/irobot_ws/install/py_pubsub/lib/python3.10/site-packages/py_pubsub/sub_ir.py to sub_ir.cpython-310.pyc
[1.507s] byte-compiling /home/benjyl/irobot_ws/install/py_pubsub/lib/python3.10/site-packages/py_pubsub/sub_ir_2.py to sub_ir_2.cpython-310.pyc
[1.507s] byte-compiling /home/benjyl/irobot_ws/install/py_pubsub/lib/python3.10/site-packages/py_pubsub/__init__.py to __init__.cpython-310.pyc
[1.507s] running install_data
[1.509s] creating /home/benjyl/irobot_ws/install/py_pubsub/share/ament_index
[1.509s] creating /home/benjyl/irobot_ws/install/py_pubsub/share/ament_index/resource_index
[1.509s] creating /home/benjyl/irobot_ws/install/py_pubsub/share/ament_index/resource_index/packages
[1.509s] copying resource/py_pubsub -> /home/benjyl/irobot_ws/install/py_pubsub/share/ament_index/resource_index/packages
[1.510s] copying package.xml -> /home/benjyl/irobot_ws/install/py_pubsub/share/py_pubsub
[1.510s] running install_egg_info
[1.514s] Copying ../../build/py_pubsub/py_pubsub.egg-info to /home/benjyl/irobot_ws/install/py_pubsub/lib/python3.10/site-packages/py_pubsub-0.0.0-py3.10.egg-info
[1.515s] running install_scripts
[1.544s] writing list of installed files to '/home/benjyl/irobot_ws/build/py_pubsub/install.log'
[1.611s] Invoked command in '/home/benjyl/irobot_ws/src/py_pubsub' returned '0': PYTHONPATH=/home/benjyl/irobot_ws/build/py_pubsub/prefix_override:/home/benjyl/irobot_ws/install/py_pubsub/lib/python3.10/site-packages:${PYTHONPATH} /usr/bin/python3 setup.py egg_info --egg-base ../../build/py_pubsub build --build-base /home/benjyl/irobot_ws/build/py_pubsub/build install --record /home/benjyl/irobot_ws/build/py_pubsub/install.log --single-version-externally-managed
